[INFO] Scanning for projects...
[WARNING] 
[WARNING] Some problems were encountered while building the effective model for com.sudabRecepcion:ms-recepcion:jar:0.0.1-SNAPSHOT
[WARNING] 'dependencies.dependency.(groupId:artifactId:type:classifier)' must be unique: org.postgresql:postgresql:jar -> duplicate declaration of version (?) @ line 59, column 15
[WARNING] 
[WARNING] It is highly recommended to fix these problems because they threaten the stability of your build.
[WARNING] 
[WARNING] For this reason, future Maven versions might no longer support building such malformed projects.
[WARNING] 
[INFO] 
[INFO] --------------------< com.sudabGateway:ms-gateway >---------------------
[INFO] Building  0.0.1-SNAPSHOT
[INFO]   from pom.xml
[INFO] --------------------------------[ jar ]---------------------------------
[INFO] 
[INFO] >>> spring-boot:4.1.0:run (default-cli) > test-compile @ ms-gateway >>>
[INFO] 
[INFO] --- resources:3.5.0:resources (default-resources) @ ms-gateway ---
[INFO] Copying 2 resources from src\main\resources to target\classes
[INFO] Copying 0 resource from src\main\resources to target\classes
[INFO] 
[INFO] --- compiler:3.15.0:compile (default-compile) @ ms-gateway ---
[INFO] Nothing to compile - all classes are up to date.
[INFO] 
[INFO] --- resources:3.5.0:testResources (default-testResources) @ ms-gateway ---
[INFO] skip non existing resourceDirectory C:\Users\Julio Cesar\Desktop\MICROSERVICIOS-PROYECTO\ms-gateway\src\test\resources
[INFO] 
[INFO] --- compiler:3.15.0:testCompile (default-testCompile) @ ms-gateway ---
[INFO] Nothing to compile - all classes are up to date.
[INFO] 
[INFO] <<< spring-boot:4.1.0:run (default-cli) < test-compile @ ms-gateway <<<
[INFO] 
[INFO] 
[INFO] --- spring-boot:4.1.0:run (default-cli) @ ms-gateway ---
[INFO] Attaching agents: []

  .   ____          _            __ _ _
 /\\ / ___'_ __ _ _(_)_ __  __ _ \ \ \ \
( ( )\___ | '_ | '_| | '_ \/ _` | \ \ \ \
 \\/  ___)| |_)| | | | | || (_| |  ) ) ) )
  '  |____| .__|_| |_|_| |_\__, | / / / /
 =========|_|==============|___/=/_/_/_/

 :: Spring Boot ::                (v4.1.0)

2026-07-14T18:51:58.720-05:00  INFO 41764 --- [ms-gateway] [           main] c.s.ms_gateway.MsGatewayApplication      : Starting MsGatewayApplication using Java 21.0.11 with PID 41764 (C:\Users\Julio Cesar\Desktop\MICROSERVICIOS-PROYECTO\ms-gateway\target\classes started by Julio Cesar in C:\Users\Julio Cesar\Desktop\MICROSERVICIOS-PROYECTO\ms-gateway)
2026-07-14T18:51:58.725-05:00  INFO 41764 --- [ms-gateway] [           main] c.s.ms_gateway.MsGatewayApplication      : No active profile set, falling back to 1 default profile: "default"
2026-07-14T18:52:00.238-05:00  INFO 41764 --- [ms-gateway] [           main] o.s.cloud.context.scope.GenericScope     : BeanFactory id=eb26c024-0e0b-3bba-9d54-59d1551374b1
2026-07-14T18:52:02.639-05:00  INFO 41764 --- [ms-gateway] [           main] o.s.cloud.commons.util.InetUtils         : Cannot determine local hostname
2026-07-14T18:52:02.976-05:00  WARN 41764 --- [ms-gateway] [           main] o.h.v.i.m.a.CascadingMetaDataBuilder     : HV000271: Using `@Valid` on a container (java.util.List) is deprecated. You should apply the annotation on the type argument(s). Affected element: routes
2026-07-14T18:52:03.485-05:00  INFO 41764 --- [ms-gateway] [           main] o.s.c.g.r.RouteDefinitionRouteLocator    : Loaded RoutePredicateFactory [After]
2026-07-14T18:52:03.486-05:00  INFO 41764 --- [ms-gateway] [           main] o.s.c.g.r.RouteDefinitionRouteLocator    : Loaded RoutePredicateFactory [Before]
2026-07-14T18:52:03.486-05:00  INFO 41764 --- [ms-gateway] [           main] o.s.c.g.r.RouteDefinitionRouteLocator    : Loaded RoutePredicateFactory [Between]
2026-07-14T18:52:03.486-05:00  INFO 41764 --- [ms-gateway] [           main] o.s.c.g.r.RouteDefinitionRouteLocator    : Loaded RoutePredicateFactory [Cookie]
2026-07-14T18:52:03.486-05:00  INFO 41764 --- [ms-gateway] [           main] o.s.c.g.r.RouteDefinitionRouteLocator    : Loaded RoutePredicateFactory [Header]
2026-07-14T18:52:03.486-05:00  INFO 41764 --- [ms-gateway] [           main] o.s.c.g.r.RouteDefinitionRouteLocator    : Loaded RoutePredicateFactory [Host]
2026-07-14T18:52:03.487-05:00  INFO 41764 --- [ms-gateway] [           main] o.s.c.g.r.RouteDefinitionRouteLocator    : Loaded RoutePredicateFactory [Method]
2026-07-14T18:52:03.487-05:00  INFO 41764 --- [ms-gateway] [           main] o.s.c.g.r.RouteDefinitionRouteLocator    : Loaded RoutePredicateFactory [Path]
2026-07-14T18:52:03.487-05:00  INFO 41764 --- [ms-gateway] [           main] o.s.c.g.r.RouteDefinitionRouteLocator    : Loaded RoutePredicateFactory [Query]
2026-07-14T18:52:03.487-05:00  INFO 41764 --- [ms-gateway] [           main] o.s.c.g.r.RouteDefinitionRouteLocator    : Loaded RoutePredicateFactory [ReadBody]
2026-07-14T18:52:03.487-05:00  INFO 41764 --- [ms-gateway] [           main] o.s.c.g.r.RouteDefinitionRouteLocator    : Loaded RoutePredicateFactory [RemoteAddr]
2026-07-14T18:52:03.488-05:00  INFO 41764 --- [ms-gateway] [           main] o.s.c.g.r.RouteDefinitionRouteLocator    : Loaded RoutePredicateFactory [Version]
2026-07-14T18:52:03.488-05:00  INFO 41764 --- [ms-gateway] [           main] o.s.c.g.r.RouteDefinitionRouteLocator    : Loaded RoutePredicateFactory [XForwardedRemoteAddr]
2026-07-14T18:52:03.489-05:00  INFO 41764 --- [ms-gateway] [           main] o.s.c.g.r.RouteDefinitionRouteLocator    : Loaded RoutePredicateFactory [Weight]
2026-07-14T18:52:03.489-05:00  INFO 41764 --- [ms-gateway] [           main] o.s.c.g.r.RouteDefinitionRouteLocator    : Loaded RoutePredicateFactory [CloudFoundryRouteService]
2026-07-14T18:52:04.989-05:00  INFO 41764 --- [ms-gateway] [           main] o.s.cloud.commons.util.InetUtils         : Cannot determine local hostname
2026-07-14T18:52:06.086-05:00  INFO 41764 --- [ms-gateway] [           main] o.s.cloud.commons.util.InetUtils         : Cannot determine local hostname
2026-07-14T18:52:06.182-05:00  INFO 41764 --- [ms-gateway] [           main] o.s.b.a.e.web.EndpointLinksResolver      : Exposing 2 endpoints beneath base path '/actuator'
2026-07-14T18:52:06.600-05:00  INFO 41764 --- [ms-gateway] [           main] DiscoveryClientOptionalArgsConfiguration : Eureka HTTP Client uses RestClient.
2026-07-14T18:52:06.685-05:00  WARN 41764 --- [ms-gateway] [           main] iguration$LoadBalancerCaffeineWarnLogger : Spring Cloud LoadBalancer is currently working with the default cache. While this cache implementation is useful for development and tests, it's recommended to use Caffeine cache in production.You can switch to using Caffeine cache, by adding it and org.springframework.cache.caffeine.CaffeineCacheManager to the classpath.
2026-07-14T18:52:06.839-05:00  INFO 41764 --- [ms-gateway] [           main] o.s.c.n.eureka.InstanceInfoFactory       : Setting initial instance status as: STARTING
2026-07-14T18:52:06.906-05:00  INFO 41764 --- [ms-gateway] [           main] com.netflix.discovery.DiscoveryClient    : Initializing Eureka in region us-east-1
2026-07-14T18:52:06.906-05:00  INFO 41764 --- [ms-gateway] [           main] com.netflix.discovery.DiscoveryClient    : Client configured to neither register nor query for data.
2026-07-14T18:52:06.911-05:00  INFO 41764 --- [ms-gateway] [           main] com.netflix.discovery.DiscoveryClient    : Discovery Client initialized at timestamp 1784073126909 with initial instances count: 0
2026-07-14T18:52:06.920-05:00  INFO 41764 --- [ms-gateway] [           main] o.s.c.n.e.s.EurekaServiceRegistry        : Registering application MS-GATEWAY with eureka with status UP
2026-07-14T18:52:07.430-05:00  INFO 41764 --- [ms-gateway] [           main] o.s.boot.reactor.netty.NettyWebServer    : Netty started on port 8080 (http)
2026-07-14T18:52:07.433-05:00  INFO 41764 --- [ms-gateway] [           main] .s.c.n.e.s.EurekaAutoServiceRegistration : Updating port to 8080
2026-07-14T18:52:08.516-05:00  INFO 41764 --- [ms-gateway] [           main] o.s.cloud.commons.util.InetUtils         : Cannot determine local hostname
2026-07-14T18:52:09.545-05:00  INFO 41764 --- [ms-gateway] [           main] o.s.cloud.commons.util.InetUtils         : Cannot determine local hostname
2026-07-14T18:52:09.578-05:00  INFO 41764 --- [ms-gateway] [           main] c.s.ms_gateway.MsGatewayApplication      : Started MsGatewayApplication in 12.375 seconds (process running for 13.004)
[INFO] ------------------------------------------------------------------------
[INFO] BUILD FAILURE
[INFO] ------------------------------------------------------------------------
[INFO] Total time:  2 d 00:18 h
[INFO] Finished at: 2026-07-16T19:10:22-05:00
[INFO] ------------------------------------------------------------------------
[ERROR] Failed to execute goal org.springframework.boot:spring-boot-maven-plugin:4.1.0:run (default-cli) on project ms-gateway: Process terminated with exit code: 1 -> [Help 1]
[ERROR] 
[ERROR] To see the full stack trace of the errors, re-run Maven with the -e switch.
[ERROR] Re-run Maven using the -X switch to enable full debug logging.
[ERROR] 
[ERROR] For more information about the errors and possible solutions, please read the following articles:
[ERROR] [Help 1] http://cwiki.apache.org/confluence/display/MAVEN/MojoExecutionException
